<?xml version="1.0" encoding="UTF-8"?>
<!-- Generated by org.testng.reporters.JUnitReportReporter -->
<testsuite hostname="Tracys-MBP.lan" failures="0" tests="3" name="assessment.option_2" time="114.821" errors="0" timestamp="2022-08-21T16:52:03 SAST" skipped="0">
  <testcase classname="assessment.option_2" name="buyItems" time="45.264"/>
  <system-out/>
  <testcase classname="assessment.option_2" name="checkout" time="27.471"/>
  <system-out/>
  <testcase classname="assessment.option_2" name="checkoutOverview" time="42.086"/>
  <system-out/>
</testsuite> <!-- assessment.option_2 -->
